<?xml version="1.0" encoding="UTF-8"?>
<testng-results skipped="0" failed="0" ignored="0" total="1" passed="1">
  <reporter-output>
  </reporter-output>
  <suite name="Default suite" duration-ms="3434" started-at="2019-02-26T08:56:49Z" finished-at="2019-02-26T08:56:53Z">
    <groups>
    </groups>
    <test name="Default test" duration-ms="3434" started-at="2019-02-26T08:56:49Z" finished-at="2019-02-26T08:56:53Z">
      <class name="maven.MevanDemo">
        <test-method status="PASS" signature="testA()[pri:0, instance:maven.MevanDemo@28d25987]" name="testA" duration-ms="3413" started-at="2019-02-26T08:56:49Z" finished-at="2019-02-26T08:56:53Z">
          <reporter-output>
          </reporter-output>
        </test-method> <!-- testA -->
      </class> <!-- maven.MevanDemo -->
    </test> <!-- Default test -->
  </suite> <!-- Default suite -->
</testng-results>
